# JRE version: Java(TM) SE Runtime Environment (7.0_51-b13) (build 1.7.0_51-b13)
# Java VM: Java HotSpot(TM) 64-Bit Server VM (24.51-b03 mixed mode windows-amd64 compressed oops)
Heap
 PSYoungGen      total 289280K, used 66341K [0x00000007d5b00000, 0x00000007fa600000, 0x0000000800000000)
  eden space 264704K, 15% used [0x00000007d5b00000,0x00000007d83cc590,0x00000007e5d80000)
  from space 24576K, 99% used [0x00000007e5d80000,0x00000007e757d010,0x00000007e7580000)
  to   space 35840K, 0% used [0x00000007f8300000,0x00000007f8300000,0x00000007fa600000)
 ParOldGen       total 86528K, used 48437K [0x0000000781200000, 0x0000000786680000, 0x00000007d5b00000)
  object space 86528K, 55% used [0x0000000781200000,0x000000078414d410,0x0000000786680000)
 PSPermGen       total 43008K, used 42649K [0x000000077c000000, 0x000000077ea00000, 0x0000000781200000)
  object space 43008K, 99% used [0x000000077c000000,0x000000077e9a6480,0x000000077ea00000)
GC Heap History (10 events):
Event: 3.682 GC heap before
{Heap before GC invocations=3 (full 0):
 PSYoungGen      total 71680K, used 71649K [0x00000007d5b00000, 0x00000007da600000, 0x0000000800000000)
  eden space 66560K, 100% used [0x00000007d5b00000,0x00000007d9c00000,0x00000007d9c00000)
  from space 5120K, 99% used [0x00000007da100000,0x00000007da5f8760,0x00000007da600000)
  to   space 5120K, 0% used [0x00000007d9c00000,0x00000007d9c00000,0x00000007da100000)
 ParOldGen       total 86528K, used 2336K [0x0000000781200000, 0x0000000786680000, 0x00000007d5b00000)
  object space 86528K, 2% used [0x0000000781200000,0x00000007814483e0,0x0000000786680000)
 PSPermGen       total 21504K, used 20337K [0x000000077c000000, 0x000000077d500000, 0x0000000781200000)
  object space 21504K, 94% used [0x000000077c000000,0x000000077d3dc6a8,0x000000077d500000)
Event: 3.699 GC heap after
Heap after GC invocations=3 (full 0):
 PSYoungGen      total 71680K, used 5112K [0x00000007d5b00000, 0x00000007de700000, 0x0000000800000000)
  eden space 66560K, 0% used [0x00000007d5b00000,0x00000007d5b00000,0x00000007d9c00000)
  from space 5120K, 99% used [0x00000007d9c00000,0x00000007da0fe050,0x00000007da100000)
  to   space 5120K, 0% used [0x00000007de200000,0x00000007de200000,0x00000007de700000)
 ParOldGen       total 86528K, used 9934K [0x0000000781200000, 0x0000000786680000, 0x00000007d5b00000)
  object space 86528K, 11% used [0x0000000781200000,0x0000000781bb3ac8,0x0000000786680000)
 PSPermGen       total 21504K, used 20337K [0x000000077c000000, 0x000000077d500000, 0x0000000781200000)
  object space 21504K, 94% used [0x000000077c000000,0x000000077d3dc6a8,0x000000077d500000)
}
Event: 4.553 GC heap before
{Heap before GC invocations=4 (full 0):
 PSYoungGen      total 71680K, used 71672K [0x00000007d5b00000, 0x00000007de700000, 0x0000000800000000)
  eden space 66560K, 100% used [0x00000007d5b00000,0x00000007d9c00000,0x00000007d9c00000)
  from space 5120K, 99% used [0x00000007d9c00000,0x00000007da0fe050,0x00000007da100000)
  to   space 5120K, 0% used [0x00000007de200000,0x00000007de200000,0x00000007de700000)
 ParOldGen       total 86528K, used 9934K [0x0000000781200000, 0x0000000786680000, 0x00000007d5b00000)
  object space 86528K, 11% used [0x0000000781200000,0x0000000781bb3ac8,0x0000000786680000)
 PSPermGen       total 25088K, used 24976K [0x000000077c000000, 0x000000077d880000, 0x0000000781200000)
  object space 25088K, 99% used [0x000000077c000000,0x000000077d864060,0x000000077d880000)
Event: 4.573 GC heap after
Heap after GC invocations=4 (full 0):
 PSYoungGen      total 138240K, used 5096K [0x00000007d5b00000, 0x00000007de700000, 0x0000000800000000)
  eden space 133120K, 0% used [0x00000007d5b00000,0x00000007d5b00000,0x00000007ddd00000)
  from space 5120K, 99% used [0x00000007de200000,0x00000007de6fa040,0x00000007de700000)
  to   space 5120K, 0% used [0x00000007ddd00000,0x00000007ddd00000,0x00000007de200000)
 ParOldGen       total 86528K, used 16353K [0x0000000781200000, 0x0000000786680000, 0x00000007d5b00000)
  object space 86528K, 18% used [0x0000000781200000,0x00000007821f8768,0x0000000786680000)
 PSPermGen       total 25088K, used 24976K [0x000000077c000000, 0x000000077d880000, 0x0000000781200000)
  object space 25088K, 99% used [0x000000077c000000,0x000000077d864060,0x000000077d880000)
}
Event: 7.269 GC heap before
{Heap before GC invocations=5 (full 0):
 PSYoungGen      total 138240K, used 138216K [0x00000007d5b00000, 0x00000007de700000, 0x0000000800000000)
  eden space 133120K, 100% used [0x00000007d5b00000,0x00000007ddd00000,0x00000007ddd00000)
  from space 5120K, 99% used [0x00000007de200000,0x00000007de6fa040,0x00000007de700000)
  to   space 5120K, 0% used [0x00000007ddd00000,0x00000007ddd00000,0x00000007de200000)
 ParOldGen       total 86528K, used 16353K [0x0000000781200000, 0x0000000786680000, 0x00000007d5b00000)
  object space 86528K, 18% used [0x0000000781200000,0x00000007821f8768,0x0000000786680000)
 PSPermGen       total 32256K, used 32185K [0x000000077c000000, 0x000000077df80000, 0x0000000781200000)
  object space 32256K, 99% used [0x000000077c000000,0x000000077df6e468,0x000000077df80000)
Event: 7.341 GC heap after
Heap after GC invocations=5 (full 0):
 PSYoungGen      total 138240K, used 5116K [0x00000007d5b00000, 0x00000007e8c00000, 0x0000000800000000)
  eden space 133120K, 0% used [0x00000007d5b00000,0x00000007d5b00000,0x00000007ddd00000)
  from space 5120K, 99% used [0x00000007ddd00000,0x00000007de1ff050,0x00000007de200000)
  to   space 23040K, 0% used [0x00000007e7580000,0x00000007e7580000,0x00000007e8c00000)
 ParOldGen       total 86528K, used 33717K [0x0000000781200000, 0x0000000786680000, 0x00000007d5b00000)
  object space 86528K, 38% used [0x0000000781200000,0x00000007832ed708,0x0000000786680000)
 PSPermGen       total 32256K, used 32185K [0x000000077c000000, 0x000000077df80000, 0x0000000781200000)
  object space 32256K, 99% used [0x000000077c000000,0x000000077df6e468,0x000000077df80000)
}
Event: 10.066 GC heap before
{Heap before GC invocations=6 (full 0):
 PSYoungGen      total 138240K, used 138236K [0x00000007d5b00000, 0x00000007e8c00000, 0x0000000800000000)
  eden space 133120K, 100% used [0x00000007d5b00000,0x00000007ddd00000,0x00000007ddd00000)
  from space 5120K, 99% used [0x00000007ddd00000,0x00000007de1ff050,0x00000007de200000)
  to   space 23040K, 0% used [0x00000007e7580000,0x00000007e7580000,0x00000007e8c00000)
 ParOldGen       total 86528K, used 33717K [0x0000000781200000, 0x0000000786680000, 0x00000007d5b00000)
  object space 86528K, 38% used [0x0000000781200000,0x00000007832ed708,0x0000000786680000)
 PSPermGen       total 38400K, used 38096K [0x000000077c000000, 0x000000077e580000, 0x0000000781200000)
  object space 38400K, 99% used [0x000000077c000000,0x000000077e534358,0x000000077e580000)
Event: 10.119 GC heap after
Heap after GC invocations=6 (full 0):
 PSYoungGen      total 287744K, used 17413K [0x00000007d5b00000, 0x00000007e8f00000, 0x0000000800000000)
  eden space 264704K, 0% used [0x00000007d5b00000,0x00000007d5b00000,0x00000007e5d80000)
  from space 23040K, 75% used [0x00000007e7580000,0x00000007e8681798,0x00000007e8c00000)
  to   space 24576K, 0% used [0x00000007e5d80000,0x00000007e5d80000,0x00000007e7580000)
 ParOldGen       total 86528K, used 33717K [0x0000000781200000, 0x0000000786680000, 0x00000007d5b00000)
  object space 86528K, 38% used [0x0000000781200000,0x00000007832ed708,0x0000000786680000)
 PSPermGen       total 38400K, used 38096K [0x000000077c000000, 0x000000077e580000, 0x0000000781200000)
  object space 38400K, 99% used [0x000000077c000000,0x000000077e534358,0x000000077e580000)
}
Event: 24.103 GC heap before
{Heap before GC invocations=7 (full 0):
 PSYoungGen      total 287744K, used 282117K [0x00000007d5b00000, 0x00000007e8f00000, 0x0000000800000000)
  eden space 264704K, 100% used [0x00000007d5b00000,0x00000007e5d80000,0x00000007e5d80000)
  from space 23040K, 75% used [0x00000007e7580000,0x00000007e8681798,0x00000007e8c00000)
  to   space 24576K, 0% used [0x00000007e5d80000,0x00000007e5d80000,0x00000007e7580000)
 ParOldGen       total 86528K, used 33717K [0x0000000781200000, 0x0000000786680000, 0x00000007d5b00000)
  object space 86528K, 38% used [0x0000000781200000,0x00000007832ed708,0x0000000786680000)
 PSPermGen       total 43008K, used 42534K [0x000000077c000000, 0x000000077ea00000, 0x0000000781200000)
  object space 43008K, 98% used [0x000000077c000000,0x000000077e989ae0,0x000000077ea00000)
Event: 24.166 GC heap after
Heap after GC invocations=7 (full 0):
 PSYoungGen      total 289280K, used 24564K [0x00000007d5b00000, 0x00000007fa600000, 0x0000000800000000)
  eden space 264704K, 0% used [0x00000007d5b00000,0x00000007d5b00000,0x00000007e5d80000)
  from space 24576K, 99% used [0x00000007e5d80000,0x00000007e757d010,0x00000007e7580000)
  to   space 35840K, 0% used [0x00000007f8300000,0x00000007f8300000,0x00000007fa600000)
 ParOldGen       total 86528K, used 48437K [0x0000000781200000, 0x0000000786680000, 0x00000007d5b00000)
  object space 86528K, 55% used [0x0000000781200000,0x000000078414d410,0x0000000786680000)
 PSPermGen       total 43008K, used 42534K [0x000000077c000000, 0x000000077ea00000, 0x0000000781200000)
  object space 43008K, 98% used [0x000000077c000000,0x000000077e989ae0,0x000000077ea00000)
}

